<?xml version="1.0" encoding="UTF-8"?>
<testsuite name="BellmanFordTest" tests="10" skipped="0" failures="0" errors="0" timestamp="2023-05-28T01:46:26" hostname="Nathans-MacBook-Pro-17.local" time="0.034">
  <properties/>
  <testcase name="test_random_graph_5_4cycle()" classname="BellmanFordTest" time="0.013"/>
  <testcase name="test_small_disconnected_graph_other_source()" classname="BellmanFordTest" time="0.001"/>
  <testcase name="test_simple_cycle_1()" classname="BellmanFordTest" time="0.007"/>
  <testcase name="test_simple_cycle_2()" classname="BellmanFordTest" time="0.004"/>
  <testcase name="test_medium_graph()" classname="BellmanFordTest" time="0.0"/>
  <testcase name="test_small_graph_other_source()" classname="BellmanFordTest" time="0.001"/>
  <testcase name="test_small_disconnected_graph()" classname="BellmanFordTest" time="0.001"/>
  <testcase name="test_small_graph()" classname="BellmanFordTest" time="0.0"/>
  <testcase name="test_random_graph_10_2cycle()" classname="BellmanFordTest" time="0.001"/>
  <testcase name="test_random_graph_20()" classname="BellmanFordTest" time="0.003"/>
  <system-out><![CDATA[]]></system-out>
  <system-err><![CDATA[]]></system-err>
</testsuite>
